d:\dev\backjoon\if문\debug\vc142.pdb
d:\dev\backjoon\if문\debug\vc142.idb
d:\dev\backjoon\if문\debug\2.시험 성적.obj
d:\dev\backjoon\if문\debug\1.두 수 비교하기.obj
d:\dev\backjoon\if문\debug\if문.pdb
d:\dev\backjoon\if문\debug\if문.tlog\cl.command.1.tlog
d:\dev\backjoon\if문\debug\if문.tlog\cl.read.1.tlog
d:\dev\backjoon\if문\debug\if문.tlog\cl.write.1.tlog
d:\dev\backjoon\if문\debug\if문.tlog\link-cvtres.read.1.tlog
d:\dev\backjoon\if문\debug\if문.tlog\link-cvtres.write.1.tlog
d:\dev\backjoon\if문\debug\if문.tlog\link-rc.read.1.tlog
d:\dev\backjoon\if문\debug\if문.tlog\link-rc.write.1.tlog
d:\dev\backjoon\if문\debug\if문.tlog\link.8548-cvtres.read.1.tlog
d:\dev\backjoon\if문\debug\if문.tlog\link.8548-cvtres.write.1.tlog
d:\dev\backjoon\if문\debug\if문.tlog\link.8548-rc.read.1.tlog
d:\dev\backjoon\if문\debug\if문.tlog\link.8548-rc.write.1.tlog
d:\dev\backjoon\if문\debug\if문.tlog\link.8548.read.1.tlog
d:\dev\backjoon\if문\debug\if문.tlog\link.8548.write.1.tlog
d:\dev\backjoon\if문\debug\if문.tlog\link.command.1.tlog
d:\dev\backjoon\if문\debug\if문.tlog\link.read.1.tlog
d:\dev\backjoon\if문\debug\if문.tlog\link.write.1.tlog
